  main.cpp
C:\Users\Andreea Stan\Desktop\ProiectGP\main.cpp(240,17): warning C4244: '=': conversion from 'double' to 'float', possible loss of data
C:\Users\Andreea Stan\Desktop\ProiectGP\main.cpp(241,17): warning C4244: '=': conversion from 'double' to 'float', possible loss of data
C:\Users\Andreea Stan\Desktop\ProiectGP\main.cpp(245,19): warning C4244: 'initializing': conversion from 'double' to 'float', possible loss of data
C:\Users\Andreea Stan\Desktop\ProiectGP\main.cpp(246,19): warning C4244: 'initializing': conversion from 'double' to 'float', possible loss of data
C:\Users\Andreea Stan\Desktop\ProiectGP\main.cpp(247,13): warning C4244: '=': conversion from 'double' to 'float', possible loss of data
C:\Users\Andreea Stan\Desktop\ProiectGP\main.cpp(248,13): warning C4244: '=': conversion from 'double' to 'float', possible loss of data
C:\Users\Andreea Stan\Desktop\ProiectGP\main.cpp(262,15): warning C4101: 'direction': unreferenced local variable
C:\Users\Andreea Stan\Desktop\ProiectGP\main.cpp(564,38): warning C4244: '=': conversion from 'double' to 'float', possible loss of data
C:\Users\Andreea Stan\Desktop\ProiectGP\main.cpp(568,39): warning C4244: '=': conversion from 'double' to 'float', possible loss of data
C:\Users\Andreea Stan\Desktop\ProiectGP\main.cpp(572,39): warning C4244: '=': conversion from 'double' to 'float', possible loss of data
C:\Users\Andreea Stan\Desktop\ProiectGP\main.cpp(576,39): warning C4244: '=': conversion from 'double' to 'float', possible loss of data
  Generating code
  35 of 1887 functions ( 1.9%) were compiled, the rest were copied from previous compilation.
    2 functions were new in current compilation
    15 functions had inline decision re-evaluated but remain unchanged
  Finished generating code
LINK : warning LNK4286: symbol '__glewGenBuffers' defined in 'libglew32.lib(glew.obj)' is imported by 'Mesh.obj'
LINK : warning LNK4286: symbol '__glewGenVertexArrays' defined in 'libglew32.lib(glew.obj)' is imported by 'Mesh.obj'
LINK : warning LNK4286: symbol '__glewActiveTexture' defined in 'libglew32.lib(glew.obj)' is imported by 'Mesh.obj'
LINK : warning LNK4286: symbol '__glewBufferData' defined in 'libglew32.lib(glew.obj)' is imported by 'Mesh.obj'
LINK : warning LNK4286: symbol '__glewGetUniformLocation' defined in 'libglew32.lib(glew.obj)' is imported by 'Mesh.obj'
LINK : warning LNK4286: symbol '__glewUniform1i' defined in 'libglew32.lib(glew.obj)' is imported by 'Mesh.obj'
LINK : warning LNK4286: symbol '__glewBindBuffer' defined in 'libglew32.lib(glew.obj)' is imported by 'Mesh.obj'
LINK : warning LNK4286: symbol '__glewVertexAttribPointer' defined in 'libglew32.lib(glew.obj)' is imported by 'Mesh.obj'
LINK : warning LNK4286: symbol '__glewBindVertexArray' defined in 'libglew32.lib(glew.obj)' is imported by 'Mesh.obj'
LINK : warning LNK4286: symbol '__glewEnableVertexAttribArray' defined in 'libglew32.lib(glew.obj)' is imported by 'Mesh.obj'
LINK : warning LNK4286: symbol '__glewDeleteBuffers' defined in 'libglew32.lib(glew.obj)' is imported by 'Model3D.obj'
LINK : warning LNK4286: symbol '__glewGenerateMipmap' defined in 'libglew32.lib(glew.obj)' is imported by 'Model3D.obj'
LINK : warning LNK4286: symbol '__glewDeleteVertexArrays' defined in 'libglew32.lib(glew.obj)' is imported by 'Model3D.obj'
LINK : warning LNK4286: symbol '__glewGetProgramiv' defined in 'libglew32.lib(glew.obj)' is imported by 'Shader.obj'
LINK : warning LNK4286: symbol '__glewGetShaderInfoLog' defined in 'libglew32.lib(glew.obj)' is imported by 'Shader.obj'
LINK : warning LNK4286: symbol '__glewCreateProgram' defined in 'libglew32.lib(glew.obj)' is imported by 'Shader.obj'
LINK : warning LNK4286: symbol '__glewCreateShader' defined in 'libglew32.lib(glew.obj)' is imported by 'Shader.obj'
LINK : warning LNK4286: symbol '__glewCompileShader' defined in 'libglew32.lib(glew.obj)' is imported by 'Shader.obj'
LINK : warning LNK4286: symbol '__glewGetShaderiv' defined in 'libglew32.lib(glew.obj)' is imported by 'Shader.obj'
LINK : warning LNK4286: symbol '__glewUseProgram' defined in 'libglew32.lib(glew.obj)' is imported by 'Shader.obj'
LINK : warning LNK4286: symbol '__glewLinkProgram' defined in 'libglew32.lib(glew.obj)' is imported by 'Shader.obj'
LINK : warning LNK4286: symbol '__glewDeleteShader' defined in 'libglew32.lib(glew.obj)' is imported by 'Shader.obj'
LINK : warning LNK4286: symbol '__glewGetProgramInfoLog' defined in 'libglew32.lib(glew.obj)' is imported by 'Shader.obj'
LINK : warning LNK4286: symbol '__glewShaderSource' defined in 'libglew32.lib(glew.obj)' is imported by 'Shader.obj'
LINK : warning LNK4286: symbol '__glewAttachShader' defined in 'libglew32.lib(glew.obj)' is imported by 'Shader.obj'
LINK : warning LNK4286: symbol '__glewUniformMatrix4fv' defined in 'libglew32.lib(glew.obj)' is imported by 'SkyBox.obj'
LINK : warning LNK4286: symbol 'glewInit' defined in 'libglew32.lib(glew.obj)' is imported by 'Window.obj'
LINK : warning LNK4286: symbol 'glewExperimental' defined in 'libglew32.lib(glew.obj)' is imported by 'Window.obj'
  ProiectGP.vcxproj -> C:\Users\Andreea Stan\Desktop\ProiectGP\x64\Release\ProiectGP.exe
