  Camera.cpp
  main.cpp
  Mesh.cpp
  Model3D.cpp
C:\Users\Andreea Stan\Desktop\ProiectGP\Model3D.cpp(19,21): warning C4018: '<': signed/unsigned mismatch
C:\Users\Andreea Stan\Desktop\ProiectGP\Model3D.cpp(61,26): warning C4018: '<': signed/unsigned mismatch
C:\Users\Andreea Stan\Desktop\ProiectGP\Model3D.cpp(142,22): warning C4018: '<': signed/unsigned mismatch
  Shader.cpp
  stb_image.cpp
  tiny_obj_loader.cpp
  Window.cpp
  Generating Code...
main.obj : error LNK2019: unresolved external symbol _glfwWindowShouldClose referenced in function __catch$_main$0
main.obj : error LNK2019: unresolved external symbol _glfwSetWindowShouldClose referenced in function "void __cdecl keyboardCallback(struct GLFWwindow *,int,int,int,int)" (?keyboardCallback@@YAXPAUGLFWwindow@@HHHH@Z)
main.obj : error LNK2019: unresolved external symbol _glfwSetWindowSizeCallback referenced in function "void __cdecl setWindowCallbacks(void)" (?setWindowCallbacks@@YAXXZ)
main.obj : error LNK2019: unresolved external symbol _glfwPollEvents referenced in function __catch$_main$0
main.obj : error LNK2019: unresolved external symbol _glfwSetKeyCallback referenced in function "void __cdecl setWindowCallbacks(void)" (?setWindowCallbacks@@YAXXZ)
main.obj : error LNK2019: unresolved external symbol _glfwSetCursorPosCallback referenced in function "void __cdecl setWindowCallbacks(void)" (?setWindowCallbacks@@YAXXZ)
main.obj : error LNK2019: unresolved external symbol _glfwSwapBuffers referenced in function __catch$_main$0
main.obj : error LNK2001: unresolved external symbol ___glewGetUniformLocation
main.obj : error LNK2001: unresolved external symbol ___glewUniform3fv
main.obj : error LNK2001: unresolved external symbol ___glewUniformMatrix3fv
main.obj : error LNK2001: unresolved external symbol ___glewUniformMatrix4fv
Mesh.obj : error LNK2019: unresolved external symbol __imp____glewActiveTexture referenced in function "public: void __thiscall gps::Mesh::Draw(class gps::Shader)" (?Draw@Mesh@gps@@QAEXVShader@2@@Z)
Mesh.obj : error LNK2019: unresolved external symbol __imp____glewBindBuffer referenced in function "private: void __thiscall gps::Mesh::setupMesh(void)" (?setupMesh@Mesh@gps@@AAEXXZ)
Mesh.obj : error LNK2019: unresolved external symbol __imp____glewBufferData referenced in function "private: void __thiscall gps::Mesh::setupMesh(void)" (?setupMesh@Mesh@gps@@AAEXXZ)
Mesh.obj : error LNK2019: unresolved external symbol __imp____glewGenBuffers referenced in function "private: void __thiscall gps::Mesh::setupMesh(void)" (?setupMesh@Mesh@gps@@AAEXXZ)
Mesh.obj : error LNK2019: unresolved external symbol __imp____glewEnableVertexAttribArray referenced in function "private: void __thiscall gps::Mesh::setupMesh(void)" (?setupMesh@Mesh@gps@@AAEXXZ)
Mesh.obj : error LNK2019: unresolved external symbol __imp____glewGetUniformLocation referenced in function "public: void __thiscall gps::Mesh::Draw(class gps::Shader)" (?Draw@Mesh@gps@@QAEXVShader@2@@Z)
Mesh.obj : error LNK2019: unresolved external symbol __imp____glewUniform1i referenced in function "public: void __thiscall gps::Mesh::Draw(class gps::Shader)" (?Draw@Mesh@gps@@QAEXVShader@2@@Z)
Mesh.obj : error LNK2019: unresolved external symbol __imp____glewVertexAttribPointer referenced in function "private: void __thiscall gps::Mesh::setupMesh(void)" (?setupMesh@Mesh@gps@@AAEXXZ)
Mesh.obj : error LNK2019: unresolved external symbol __imp____glewBindVertexArray referenced in function "public: void __thiscall gps::Mesh::Draw(class gps::Shader)" (?Draw@Mesh@gps@@QAEXVShader@2@@Z)
Mesh.obj : error LNK2019: unresolved external symbol __imp____glewGenVertexArrays referenced in function "private: void __thiscall gps::Mesh::setupMesh(void)" (?setupMesh@Mesh@gps@@AAEXXZ)
Model3D.obj : error LNK2019: unresolved external symbol __imp____glewDeleteBuffers referenced in function "public: __thiscall gps::Model3D::~Model3D(void)" (??1Model3D@gps@@QAE@XZ)
Model3D.obj : error LNK2019: unresolved external symbol __imp____glewGenerateMipmap referenced in function "private: unsigned int __thiscall gps::Model3D::ReadTextureFromFile(char const *)" (?ReadTextureFromFile@Model3D@gps@@AAEIPBD@Z)
Model3D.obj : error LNK2019: unresolved external symbol __imp____glewDeleteVertexArrays referenced in function "public: __thiscall gps::Model3D::~Model3D(void)" (??1Model3D@gps@@QAE@XZ)
Shader.obj : error LNK2019: unresolved external symbol __imp____glewAttachShader referenced in function "public: void __thiscall gps::Shader::loadShader(class std::basic_string<char,struct std::char_traits<char>,class std::allocator<char> >,class std::basic_string<char,struct std::char_traits<char>,class std::allocator<char> >)" (?loadShader@Shader@gps@@QAEXV?$basic_string@DU?$char_traits@D@std@@V?$allocator@D@2@@std@@0@Z)
Shader.obj : error LNK2019: unresolved external symbol __imp____glewCompileShader referenced in function "public: void __thiscall gps::Shader::loadShader(class std::basic_string<char,struct std::char_traits<char>,class std::allocator<char> >,class std::basic_string<char,struct std::char_traits<char>,class std::allocator<char> >)" (?loadShader@Shader@gps@@QAEXV?$basic_string@DU?$char_traits@D@std@@V?$allocator@D@2@@std@@0@Z)
Shader.obj : error LNK2019: unresolved external symbol __imp____glewCreateProgram referenced in function "public: void __thiscall gps::Shader::loadShader(class std::basic_string<char,struct std::char_traits<char>,class std::allocator<char> >,class std::basic_string<char,struct std::char_traits<char>,class std::allocator<char> >)" (?loadShader@Shader@gps@@QAEXV?$basic_string@DU?$char_traits@D@std@@V?$allocator@D@2@@std@@0@Z)
Shader.obj : error LNK2019: unresolved external symbol __imp____glewCreateShader referenced in function "public: void __thiscall gps::Shader::loadShader(class std::basic_string<char,struct std::char_traits<char>,class std::allocator<char> >,class std::basic_string<char,struct std::char_traits<char>,class std::allocator<char> >)" (?loadShader@Shader@gps@@QAEXV?$basic_string@DU?$char_traits@D@std@@V?$allocator@D@2@@std@@0@Z)
Shader.obj : error LNK2019: unresolved external symbol __imp____glewDeleteShader referenced in function "public: void __thiscall gps::Shader::loadShader(class std::basic_string<char,struct std::char_traits<char>,class std::allocator<char> >,class std::basic_string<char,struct std::char_traits<char>,class std::allocator<char> >)" (?loadShader@Shader@gps@@QAEXV?$basic_string@DU?$char_traits@D@std@@V?$allocator@D@2@@std@@0@Z)
Shader.obj : error LNK2019: unresolved external symbol __imp____glewGetProgramInfoLog referenced in function "private: void __thiscall gps::Shader::shaderLinkLog(unsigned int)" (?shaderLinkLog@Shader@gps@@AAEXI@Z)
Shader.obj : error LNK2019: unresolved external symbol __imp____glewGetProgramiv referenced in function "private: void __thiscall gps::Shader::shaderLinkLog(unsigned int)" (?shaderLinkLog@Shader@gps@@AAEXI@Z)
Shader.obj : error LNK2019: unresolved external symbol __imp____glewGetShaderInfoLog referenced in function "private: void __thiscall gps::Shader::shaderCompileLog(unsigned int)" (?shaderCompileLog@Shader@gps@@AAEXI@Z)
Shader.obj : error LNK2019: unresolved external symbol __imp____glewGetShaderiv referenced in function "private: void __thiscall gps::Shader::shaderCompileLog(unsigned int)" (?shaderCompileLog@Shader@gps@@AAEXI@Z)
Shader.obj : error LNK2019: unresolved external symbol __imp____glewLinkProgram referenced in function "public: void __thiscall gps::Shader::loadShader(class std::basic_string<char,struct std::char_traits<char>,class std::allocator<char> >,class std::basic_string<char,struct std::char_traits<char>,class std::allocator<char> >)" (?loadShader@Shader@gps@@QAEXV?$basic_string@DU?$char_traits@D@std@@V?$allocator@D@2@@std@@0@Z)
Shader.obj : error LNK2019: unresolved external symbol __imp____glewShaderSource referenced in function "public: void __thiscall gps::Shader::loadShader(class std::basic_string<char,struct std::char_traits<char>,class std::allocator<char> >,class std::basic_string<char,struct std::char_traits<char>,class std::allocator<char> >)" (?loadShader@Shader@gps@@QAEXV?$basic_string@DU?$char_traits@D@std@@V?$allocator@D@2@@std@@0@Z)
Shader.obj : error LNK2019: unresolved external symbol __imp____glewUseProgram referenced in function "public: void __thiscall gps::Shader::useShaderProgram(void)" (?useShaderProgram@Shader@gps@@QAEXXZ)
Window.obj : error LNK2019: unresolved external symbol __imp__glewInit@0 referenced in function "public: void __thiscall gps::Window::Create(int,int,char const *)" (?Create@Window@gps@@QAEXHHPBD@Z)
Window.obj : error LNK2019: unresolved external symbol _glfwInit referenced in function "public: void __thiscall gps::Window::Create(int,int,char const *)" (?Create@Window@gps@@QAEXHHPBD@Z)
Window.obj : error LNK2019: unresolved external symbol _glfwTerminate referenced in function "public: void __thiscall gps::Window::Delete(void)" (?Delete@Window@gps@@QAEXXZ)
Window.obj : error LNK2019: unresolved external symbol _glfwWindowHint referenced in function "public: void __thiscall gps::Window::Create(int,int,char const *)" (?Create@Window@gps@@QAEXHHPBD@Z)
Window.obj : error LNK2019: unresolved external symbol _glfwCreateWindow referenced in function "public: void __thiscall gps::Window::Create(int,int,char const *)" (?Create@Window@gps@@QAEXHHPBD@Z)
Window.obj : error LNK2019: unresolved external symbol _glfwDestroyWindow referenced in function "public: void __thiscall gps::Window::Delete(void)" (?Delete@Window@gps@@QAEXXZ)
Window.obj : error LNK2019: unresolved external symbol _glfwGetFramebufferSize referenced in function "public: void __thiscall gps::Window::Create(int,int,char const *)" (?Create@Window@gps@@QAEXHHPBD@Z)
Window.obj : error LNK2019: unresolved external symbol _glfwMakeContextCurrent referenced in function "public: void __thiscall gps::Window::Create(int,int,char const *)" (?Create@Window@gps@@QAEXHHPBD@Z)
Window.obj : error LNK2019: unresolved external symbol _glfwSwapInterval referenced in function "public: void __thiscall gps::Window::Create(int,int,char const *)" (?Create@Window@gps@@QAEXHHPBD@Z)
Window.obj : error LNK2019: unresolved external symbol __imp__glewExperimental referenced in function "public: void __thiscall gps::Window::Create(int,int,char const *)" (?Create@Window@gps@@QAEXHHPBD@Z)
C:\Users\Andreea Stan\Desktop\OpenGL dev libs\lib\Debug\glfw3.lib : warning LNK4272: library machine type 'x64' conflicts with target machine type 'x86'
C:\Users\Andreea Stan\Desktop\OpenGL dev libs\lib\Debug\libglew32d.lib : warning LNK4272: library machine type 'x64' conflicts with target machine type 'x86'
C:\Users\Andreea Stan\Desktop\ProiectGP\Debug\ProiectGP.exe : fatal error LNK1120: 46 unresolved externals
